<?xml version="1.0" encoding="utf-8"?><testsuites><testsuite name="pytest" errors="1" failures="0" skipped="17" tests="18" time="0.683" timestamp="2026-07-06T15:24:53.368372-04:00" hostname="charm-qa-sandbox"><testcase classname="charm_integration_testing.test_suite.test_build_bundle" name="test_build_bundle" file="charm_integration_testing/test_suite/test_build_bundle.py" line="22" time="0.134"><properties><property name="pipeline:ref" value="[&quot;7c1fbb2&quot;]" /><property name="pipeline:workflow_hash" value="[&quot;8f4ae9c1ce8cfbe7837a599c4dc76de61354a0c3&quot;]" /><property name="failure:message" value="[&quot;Failed: --mermaid-output is required by this test but was not provided.&quot;]" /><property name="warning:message" value="[&quot;UserWarning: Failed to get git tag: fatal: No names found, cannot describe anything.&quot;]" /></properties><error message="failed on setup with &quot;Failed: --mermaid-output is required by this test but was not provided.&quot;">charm_integration_testing/test_suite/conftest.py:567: in bundle_mermaid_output
    pytest.fail("--mermaid-output is required by this test but was not provided.")
E   Failed: --mermaid-output is required by this test but was not provided.</error><system-out>--------------------------------- Captured Log ---------------------------------
INFO Starting test_build_bundle
ERROR Failure in test_build_bundle: Failed: --mermaid-output is required by this test but was not provided.
</system-out></testcase><testcase classname="" name="[injected] test_bootstrap_controller" file="charm_integration_testing/test_suite/test_bootstrap_controller.py" line="11" time="0.000"><skipped type="pytest.skip" message="Skipped: state-marked test 'charm_integration_testing/test_suite/test_build_bundle.py::test_build_bundle' failed: environment state is unknown.">/project-3/charm_integration_testing/test_suite/scheduler/plugin.py:196: Skipped: state-marked test 'charm_integration_testing/test_suite/test_build_bundle.py::test_build_bundle' failed: environment state is unknown.</skipped><system-out>--------------------------------- Captured Log ---------------------------------

</system-out><system-out>--------------------------------- Captured Log ---------------------------------

</system-out></testcase><testcase classname="" name="[injected] test_create_model" file="charm_integration_testing/test_suite/test_create_model.py" line="9" time="0.000"><skipped type="pytest.skip" message="Skipped: state-marked test 'charm_integration_testing/test_suite/test_build_bundle.py::test_build_bundle' failed: environment state is unknown.">/project-3/charm_integration_testing/test_suite/scheduler/plugin.py:196: Skipped: state-marked test 'charm_integration_testing/test_suite/test_build_bundle.py::test_build_bundle' failed: environment state is unknown.</skipped><system-out>--------------------------------- Captured Log ---------------------------------

</system-out><system-out>--------------------------------- Captured Log ---------------------------------

</system-out></testcase><testcase classname="charm_integration_testing.test_suite.test_deploy" name="test_deploy" file="charm_integration_testing/test_suite/test_deploy.py" line="37" time="0.001"><skipped type="pytest.skip" message="Skipped: state-marked test 'charm_integration_testing/test_suite/test_build_bundle.py::test_build_bundle' failed: environment state is unknown.">/project-3/charm_integration_testing/test_suite/scheduler/plugin.py:196: Skipped: state-marked test 'charm_integration_testing/test_suite/test_build_bundle.py::test_build_bundle' failed: environment state is unknown.</skipped><system-out>--------------------------------- Captured Log ---------------------------------

</system-out><system-out>--------------------------------- Captured Log ---------------------------------

</system-out></testcase><testcase classname="charm_integration_testing.test_suite.test_controller_restart" name="test_controller_restart" file="charm_integration_testing/test_suite/test_controller_restart.py" line="11" time="0.000"><skipped type="pytest.skip" message="Skipped: state-marked test 'charm_integration_testing/test_suite/test_build_bundle.py::test_build_bundle' failed: environment state is unknown.">/project-3/charm_integration_testing/test_suite/scheduler/plugin.py:196: Skipped: state-marked test 'charm_integration_testing/test_suite/test_build_bundle.py::test_build_bundle' failed: environment state is unknown.</skipped><system-out>--------------------------------- Captured Log ---------------------------------

</system-out><system-out>--------------------------------- Captured Log ---------------------------------

</system-out></testcase><testcase classname="charm_integration_testing.test_suite.test_model_controller_migration" name="test_model_controller_migration" file="charm_integration_testing/test_suite/test_model_controller_migration.py" line="11" time="0.000"><skipped type="pytest.skip" message="Skipped: state-marked test 'charm_integration_testing/test_suite/test_build_bundle.py::test_build_bundle' failed: environment state is unknown.">/project-3/charm_integration_testing/test_suite/scheduler/plugin.py:196: Skipped: state-marked test 'charm_integration_testing/test_suite/test_build_bundle.py::test_build_bundle' failed: environment state is unknown.</skipped><system-out>--------------------------------- Captured Log ---------------------------------

</system-out><system-out>--------------------------------- Captured Log ---------------------------------

</system-out></testcase><testcase classname="charm_integration_testing.test_suite.test_pod_deletion" name="test_pod_deletion" file="charm_integration_testing/test_suite/test_pod_deletion.py" line="11" time="0.000"><skipped type="pytest.skip" message="Skipped: state-marked test 'charm_integration_testing/test_suite/test_build_bundle.py::test_build_bundle' failed: environment state is unknown.">/project-3/charm_integration_testing/test_suite/scheduler/plugin.py:196: Skipped: state-marked test 'charm_integration_testing/test_suite/test_build_bundle.py::test_build_bundle' failed: environment state is unknown.</skipped><system-out>--------------------------------- Captured Log ---------------------------------

</system-out><system-out>--------------------------------- Captured Log ---------------------------------

</system-out></testcase><testcase classname="charm_integration_testing.test_suite.test_remove_and_restore_integration" name="test_remove_and_restore_integration" file="charm_integration_testing/test_suite/test_remove_and_restore_integration.py" line="12" time="0.000"><skipped type="pytest.skip" message="Skipped: state-marked test 'charm_integration_testing/test_suite/test_build_bundle.py::test_build_bundle' failed: environment state is unknown.">/project-3/charm_integration_testing/test_suite/scheduler/plugin.py:196: Skipped: state-marked test 'charm_integration_testing/test_suite/test_build_bundle.py::test_build_bundle' failed: environment state is unknown.</skipped><system-out>--------------------------------- Captured Log ---------------------------------

</system-out><system-out>--------------------------------- Captured Log ---------------------------------

</system-out></testcase><testcase classname="charm_integration_testing.test_suite.test_scale_in_and_scale_out" name="test_scale_in_and_scale_out_charm" file="charm_integration_testing/test_suite/test_scale_in_and_scale_out.py" line="12" time="0.000"><skipped type="pytest.skip" message="Skipped: state-marked test 'charm_integration_testing/test_suite/test_build_bundle.py::test_build_bundle' failed: environment state is unknown.">/project-3/charm_integration_testing/test_suite/scheduler/plugin.py:196: Skipped: state-marked test 'charm_integration_testing/test_suite/test_build_bundle.py::test_build_bundle' failed: environment state is unknown.</skipped><system-out>--------------------------------- Captured Log ---------------------------------

</system-out><system-out>--------------------------------- Captured Log ---------------------------------

</system-out></testcase><testcase classname="charm_integration_testing.test_suite.test_downgrade_charm" name="test_downgrade_charm" file="charm_integration_testing/test_suite/test_downgrade_charm.py" line="11" time="0.000"><skipped type="pytest.skip" message="Skipped: state-marked test 'charm_integration_testing/test_suite/test_build_bundle.py::test_build_bundle' failed: environment state is unknown.">/project-3/charm_integration_testing/test_suite/scheduler/plugin.py:196: Skipped: state-marked test 'charm_integration_testing/test_suite/test_build_bundle.py::test_build_bundle' failed: environment state is unknown.</skipped><system-out>--------------------------------- Captured Log ---------------------------------

</system-out><system-out>--------------------------------- Captured Log ---------------------------------

</system-out></testcase><testcase classname="" name="[injected] test_upgrade_charm" file="charm_integration_testing/test_suite/test_upgrade_charm.py" line="11" time="0.001"><skipped type="pytest.skip" message="Skipped: state-marked test 'charm_integration_testing/test_suite/test_build_bundle.py::test_build_bundle' failed: environment state is unknown.">/project-3/charm_integration_testing/test_suite/scheduler/plugin.py:196: Skipped: state-marked test 'charm_integration_testing/test_suite/test_build_bundle.py::test_build_bundle' failed: environment state is unknown.</skipped><system-out>--------------------------------- Captured Log ---------------------------------

</system-out><system-out>--------------------------------- Captured Log ---------------------------------

</system-out></testcase><testcase classname="" name="[injected] test_teardown" file="charm_integration_testing/test_suite/test_teardown.py" line="12" time="0.000"><skipped type="pytest.skip" message="Skipped: state-marked test 'charm_integration_testing/test_suite/test_build_bundle.py::test_build_bundle' failed: environment state is unknown.">/project-3/charm_integration_testing/test_suite/scheduler/plugin.py:196: Skipped: state-marked test 'charm_integration_testing/test_suite/test_build_bundle.py::test_build_bundle' failed: environment state is unknown.</skipped><system-out>--------------------------------- Captured Log ---------------------------------

</system-out><system-out>--------------------------------- Captured Log ---------------------------------

</system-out></testcase><testcase classname="charm_integration_testing.test_suite.test_deploy_target_old_revision" name="test_deploy_target_old_revision" file="charm_integration_testing/test_suite/test_deploy_target_old_revision.py" line="39" time="0.000"><skipped type="pytest.skip" message="Skipped: state-marked test 'charm_integration_testing/test_suite/test_build_bundle.py::test_build_bundle' failed: environment state is unknown.">/project-3/charm_integration_testing/test_suite/scheduler/plugin.py:196: Skipped: state-marked test 'charm_integration_testing/test_suite/test_build_bundle.py::test_build_bundle' failed: environment state is unknown.</skipped><system-out>--------------------------------- Captured Log ---------------------------------

</system-out><system-out>--------------------------------- Captured Log ---------------------------------

</system-out></testcase><testcase classname="" name="[injected] test_upgrade_charm" file="charm_integration_testing/test_suite/test_upgrade_charm.py" line="11" time="0.001"><skipped type="pytest.skip" message="Skipped: state-marked test 'charm_integration_testing/test_suite/test_build_bundle.py::test_build_bundle' failed: environment state is unknown.">/project-3/charm_integration_testing/test_suite/scheduler/plugin.py:196: Skipped: state-marked test 'charm_integration_testing/test_suite/test_build_bundle.py::test_build_bundle' failed: environment state is unknown.</skipped><system-out>--------------------------------- Captured Log ---------------------------------

</system-out><system-out>--------------------------------- Captured Log ---------------------------------

</system-out></testcase><testcase classname="" name="[injected] test_teardown" file="charm_integration_testing/test_suite/test_teardown.py" line="12" time="0.000"><skipped type="pytest.skip" message="Skipped: state-marked test 'charm_integration_testing/test_suite/test_build_bundle.py::test_build_bundle' failed: environment state is unknown.">/project-3/charm_integration_testing/test_suite/scheduler/plugin.py:196: Skipped: state-marked test 'charm_integration_testing/test_suite/test_build_bundle.py::test_build_bundle' failed: environment state is unknown.</skipped><system-out>--------------------------------- Captured Log ---------------------------------

</system-out><system-out>--------------------------------- Captured Log ---------------------------------

</system-out></testcase><testcase classname="charm_integration_testing.test_suite.test_idempotent_redeploy" name="test_idempotent_redeploy" file="charm_integration_testing/test_suite/test_idempotent_redeploy.py" line="13" time="0.000"><skipped type="pytest.skip" message="Skipped: state-marked test 'charm_integration_testing/test_suite/test_build_bundle.py::test_build_bundle' failed: environment state is unknown.">/project-3/charm_integration_testing/test_suite/scheduler/plugin.py:196: Skipped: state-marked test 'charm_integration_testing/test_suite/test_build_bundle.py::test_build_bundle' failed: environment state is unknown.</skipped><system-out>--------------------------------- Captured Log ---------------------------------

</system-out><system-out>--------------------------------- Captured Log ---------------------------------

</system-out></testcase><testcase classname="charm_integration_testing.test_suite.test_upgrade_controller" name="test_upgrade_controller" file="charm_integration_testing/test_suite/test_upgrade_controller.py" line="12" time="0.000"><skipped type="pytest.skip" message="Skipped: state-marked test 'charm_integration_testing/test_suite/test_build_bundle.py::test_build_bundle' failed: environment state is unknown.">/project-3/charm_integration_testing/test_suite/scheduler/plugin.py:196: Skipped: state-marked test 'charm_integration_testing/test_suite/test_build_bundle.py::test_build_bundle' failed: environment state is unknown.</skipped><system-out>--------------------------------- Captured Log ---------------------------------

</system-out><system-out>--------------------------------- Captured Log ---------------------------------

</system-out></testcase><testcase classname="charm_integration_testing.test_suite.test_logs_privacy_check" name="test_logs_privacy_check" file="charm_integration_testing/test_suite/test_logs_privacy_check.py" line="15" time="0.155"><properties><property name="pipeline:ref" value="[&quot;7c1fbb2&quot;]" /><property name="pipeline:workflow_hash" value="[&quot;8f4ae9c1ce8cfbe7837a599c4dc76de61354a0c3&quot;]" /><property name="skipped:message" value="[&quot;log-dir is empty, no logs to scan&quot;]" /><property name="warning:message" value="[&quot;UserWarning: Failed to get git tag: fatal: No names found, cannot describe anything.&quot;]" /></properties><skipped type="pytest.skip" message="log-dir is empty, no logs to scan">/project-3/charm_integration_testing/test_suite/test_logs_privacy_check.py:34: log-dir is empty, no logs to scan</skipped><system-out>--------------------------------- Captured Log ---------------------------------
INFO Starting test_logs_privacy_check
</system-out><system-out>--------------------------------- Captured Log ---------------------------------
INFO Starting test_logs_privacy_check
INFO Skipped test_logs_privacy_check: log-dir is empty, no logs to scan
</system-out></testcase></testsuite></testsuites>