<?xml version="1.0" encoding="utf-8"?><testsuites><testsuite name="pytest" errors="0" failures="1" skipped="16" tests="18" time="2424.535" timestamp="2026-07-06T15:25:03.952848-04:00" hostname="charm-qa-sandbox"><testcase classname="charm_integration_testing.test_suite.test_build_bundle" name="test_build_bundle" file="charm_integration_testing/test_suite/test_build_bundle.py" line="22" time="2.954"><properties><property name="pipeline:ref" value="[&quot;7c1fbb2&quot;]" /><property name="pipeline:workflow_hash" value="[&quot;8f4ae9c1ce8cfbe7837a599c4dc76de61354a0c3&quot;]" /><property name="warning:message" value="[&quot;UserWarning: Failed to get git tag: fatal: No names found, cannot describe anything.&quot;]" /></properties><system-out>--------------------------------- Captured Log ---------------------------------
INFO Starting test_build_bundle
INFO Iteration 1
INFO Problem is unsatisfiable; expanding domain
INFO Expanded domain to handle failed assertion tag: kind=&lt;Assertions.APPLICATION_EXISTS: 'application_exists'&gt; model=ModelRef(name='real-test-1783365901-qlfxbgnq', controller='real-test-1783365901-0mltn4ka') application='target'
INFO Iteration 2
INFO Problem is unsatisfiable; expanding domain
INFO Expanded domain to handle failed assertion tag: kind=&lt;Assertions.APPLICATION_EXISTS: 'application_exists'&gt; model=ModelRef(name='real-test-1783365901-mqeczl67', controller='real-test-1783365901-owidxycd') application='neighbor'
INFO Iteration 3
INFO Problem is satisfiable
INFO Re-solving with optimization to minimize applications and integrations
INFO z3.Optimize found optimal solution
INFO [real-test-1783365901-0mltn4ka/real-test-1783365901-qlfxbgnq] Application target mapped to charm postgresql-k8s (id=0)
INFO [real-test-1783365901-owidxycd/real-test-1783365901-mqeczl67] Application neighbor mapped to charm data-integrator (id=1)
INFO Bundle written to /tmp/bundles/target-bundle.yaml.
INFO Bundle content:
--------------------------------------------------------------------------------
---
applications:
  target:
    base: ubuntu@22.04
    channel: 14/stable
    charm: postgresql-k8s
    options: {}
    revision: 925
    scale: 1
    trust: true
bundle: kubernetes
relations: []
---
applications:
  target:
    offers:
      neighbor-offer:
        endpoints:
        - database
--------------------------------------------------------------------------------
INFO Bundle written to /tmp/bundles/neighbor-bundle.yaml.
INFO Bundle content:
--------------------------------------------------------------------------------
applications:
  neighbor:
    base: ubuntu@24.04
    channel: stable
    charm: data-integrator
    options:
      database-name: mydb
    revision: 418
    scale: 1
    trust: true
bundle: kubernetes
relations:
- - neighbor-offer:database
  - neighbor:postgresql
saas:
  neighbor-offer:
    url: real-test-1783365901-0mltn4ka:admin/real-test-1783365901-qlfxbgnq.neighbor-offer
--------------------------------------------------------------------------------
INFO Bundle Mermaid diagram written to /tmp/bundle-real-test-1783365901.mmd
INFO Successfully ran test_build_bundle
</system-out></testcase><testcase classname="" name="[injected] test_bootstrap_controller" file="charm_integration_testing/test_suite/test_bootstrap_controller.py" line="11" time="2421.041"><properties><property name="pipeline:ref" value="[&quot;7c1fbb2&quot;]" /><property name="pipeline:workflow_hash" value="[&quot;8f4ae9c1ce8cfbe7837a599c4dc76de61354a0c3&quot;]" /><property name="failure:message" value="[&quot;jubilant._juju.CLIError: Command '['juju', 'bootstrap', 'local-k8s', 'real-test-XXX-owidxycd', '--no-switch']' returned non-zero exit status XXX.\nS...&quot;]" /><property name="failure:cli:cmd" value="[&quot;juju bootstrap local-k8s real-test-XXX-owidxycd --no-switch&quot;]" /><property name="failure:cli:return_code" value="[&quot;1&quot;]" /><property name="failure:cli:stderr" value="[&quot;Bootstrap to generic Kubernetes cluster&quot;, &quot;Creating Juju controller \&quot;real-test-XXX-owidxycd\&quot; on local-k8s&quot;, &quot;Creating k8s resources for controller \&quot;controller-real-test-XXX-owidxycd\&quot;&quot;, &quot;ERROR error cleaning up: context deadline exceeded&quot;, &quot;ERROR failed to bootstrap model: creating controller stack: creating statefulset for controller: timed out waiting for controller pod: pending:  - &quot;, &quot;WARNING destroy k8s model timeout&quot;]" /><property name="warning:message" value="[&quot;UserWarning: Failed to get git tag: fatal: No names found, cannot describe anything.&quot;]" /></properties><failure message="jubilant._juju.CLIError: Command '['juju', 'bootstrap', 'local-k8s', 'real-test-1783365901-owidxycd', '--no-switch']' returned non-zero exit status 1.&#10;Stderr:&#10;Creating Juju controller &quot;real-test-1783365901-owidxycd&quot; on local-k8s&#10;Bootstrap to generic Kubernetes cluster&#10;Creating k8s resources for controller &quot;controller-real-test-1783365901-owidxycd&quot;&#10;ERROR failed to bootstrap model: creating controller stack: creating statefulset for controller: timed out waiting for controller pod: pending:  - &#10;WARNING destroy k8s model timeout&#10;ERROR error cleaning up: context deadline exceeded">charm_integration_testing/test_suite/test_bootstrap_controller.py:33: in test_bootstrap_controller
    juju_client.bootstrap_controller(
charm_integration_testing/juju/client.py:333: in bootstrap_controller
    self.backend.bootstrap_controller(
/home/ubuntu/.cache/pypoetry/virtualenvs/charm-integration-testing-meta-RqyBENN1-py3.12/lib/python3.12/site-packages/tenacity/__init__.py:331: in wrapped_f
    return copy(f, *args, **kw)
/home/ubuntu/.cache/pypoetry/virtualenvs/charm-integration-testing-meta-RqyBENN1-py3.12/lib/python3.12/site-packages/tenacity/__init__.py:470: in __call__
    do = self.iter(retry_state=retry_state)
/home/ubuntu/.cache/pypoetry/virtualenvs/charm-integration-testing-meta-RqyBENN1-py3.12/lib/python3.12/site-packages/tenacity/__init__.py:371: in iter
    result = action(retry_state)
/home/ubuntu/.cache/pypoetry/virtualenvs/charm-integration-testing-meta-RqyBENN1-py3.12/lib/python3.12/site-packages/tenacity/__init__.py:413: in exc_check
    raise retry_exc.reraise()
/home/ubuntu/.cache/pypoetry/virtualenvs/charm-integration-testing-meta-RqyBENN1-py3.12/lib/python3.12/site-packages/tenacity/__init__.py:184: in reraise
    raise self.last_attempt.result()
/usr/lib/python3.12/concurrent/futures/_base.py:449: in result
    return self.__get_result()
/usr/lib/python3.12/concurrent/futures/_base.py:401: in __get_result
    raise self._exception
/home/ubuntu/.cache/pypoetry/virtualenvs/charm-integration-testing-meta-RqyBENN1-py3.12/lib/python3.12/site-packages/tenacity/__init__.py:473: in __call__
    result = fn(*args, **kwargs)
charm_integration_testing/juju_jubilant/backend.py:522: in bootstrap_controller
    self.client.model(None).bootstrap(
/home/ubuntu/.cache/pypoetry/virtualenvs/charm-integration-testing-meta-RqyBENN1-py3.12/lib/python3.12/site-packages/jubilant/_juju.py:508: in bootstrap
    _, stderr = self._cli(*args, include_model=False)
/home/ubuntu/.cache/pypoetry/virtualenvs/charm-integration-testing-meta-RqyBENN1-py3.12/lib/python3.12/site-packages/jubilant/_juju.py:546: in _cli
    raise CLIError(e.returncode, e.cmd, e.stdout, e.stderr) from None
E   jubilant._juju.CLIError: Command '['juju', 'bootstrap', 'local-k8s', 'real-test-1783365901-owidxycd', '--no-switch']' returned non-zero exit status 1.
E   Stderr:
E   Creating Juju controller "real-test-1783365901-owidxycd" on local-k8s
E   Bootstrap to generic Kubernetes cluster
E   Creating k8s resources for controller "controller-real-test-1783365901-owidxycd"
E   ERROR failed to bootstrap model: creating controller stack: creating statefulset for controller: timed out waiting for controller pod: pending:  - 
E   WARNING destroy k8s model timeout
E   ERROR error cleaning up: context deadline exceeded</failure><system-out>--------------------------------- Captured Log ---------------------------------
INFO Starting [injected] test_bootstrap_controller
INFO Bootstrapping Juju controller in cloud 'local-k8s' with name 'real-test-1783365901-owidxycd', using constraints '{}'.
ERROR Failure in [injected] test_bootstrap_controller: jubilant._juju.CLIError: Command '['juju', 'bootstrap', 'local-k8s', 'real-test-1783365901-owidxycd', '--no-switch']' returned non-zero exit status 1.
Stderr:
Creating Juju controller "real-test-1783365901-owidxycd" on local-k8s
Bootstrap to generic Kubernetes cluster
Creating k8s resources for controller "controller-real-test-1783365901-owidxycd"
ERROR failed to bootstrap model: creating controller stack: creating statefulset for controller: timed out waiting for controller pod: pending:  - 
WARNING destroy k8s model timeout
ERROR error cleaning up: context deadline exceeded
</system-out></testcase><testcase classname="" name="[injected] test_create_model" file="charm_integration_testing/test_suite/test_create_model.py" line="9" time="0.000"><skipped type="pytest.skip" message="Skipped: state-marked test '[injected] test_bootstrap_controller' failed: environment state is unknown.">/project-3/charm_integration_testing/test_suite/scheduler/plugin.py:196: Skipped: state-marked test '[injected] test_bootstrap_controller' failed: environment state is unknown.</skipped><system-out>--------------------------------- Captured Log ---------------------------------

</system-out><system-out>--------------------------------- Captured Log ---------------------------------

</system-out></testcase><testcase classname="charm_integration_testing.test_suite.test_deploy" name="test_deploy" file="charm_integration_testing/test_suite/test_deploy.py" line="37" time="0.000"><skipped type="pytest.skip" message="Skipped: state-marked test '[injected] test_bootstrap_controller' failed: environment state is unknown.">/project-3/charm_integration_testing/test_suite/scheduler/plugin.py:196: Skipped: state-marked test '[injected] test_bootstrap_controller' failed: environment state is unknown.</skipped><system-out>--------------------------------- Captured Log ---------------------------------

</system-out><system-out>--------------------------------- Captured Log ---------------------------------

</system-out></testcase><testcase classname="charm_integration_testing.test_suite.test_controller_restart" name="test_controller_restart" file="charm_integration_testing/test_suite/test_controller_restart.py" line="11" time="0.000"><skipped type="pytest.skip" message="Skipped: state-marked test '[injected] test_bootstrap_controller' failed: environment state is unknown.">/project-3/charm_integration_testing/test_suite/scheduler/plugin.py:196: Skipped: state-marked test '[injected] test_bootstrap_controller' failed: environment state is unknown.</skipped><system-out>--------------------------------- Captured Log ---------------------------------

</system-out><system-out>--------------------------------- Captured Log ---------------------------------

</system-out></testcase><testcase classname="charm_integration_testing.test_suite.test_model_controller_migration" name="test_model_controller_migration" file="charm_integration_testing/test_suite/test_model_controller_migration.py" line="11" time="0.000"><skipped type="pytest.skip" message="Skipped: state-marked test '[injected] test_bootstrap_controller' failed: environment state is unknown.">/project-3/charm_integration_testing/test_suite/scheduler/plugin.py:196: Skipped: state-marked test '[injected] test_bootstrap_controller' failed: environment state is unknown.</skipped><system-out>--------------------------------- Captured Log ---------------------------------

</system-out><system-out>--------------------------------- Captured Log ---------------------------------

</system-out></testcase><testcase classname="charm_integration_testing.test_suite.test_pod_deletion" name="test_pod_deletion" file="charm_integration_testing/test_suite/test_pod_deletion.py" line="11" time="0.000"><skipped type="pytest.skip" message="Skipped: state-marked test '[injected] test_bootstrap_controller' failed: environment state is unknown.">/project-3/charm_integration_testing/test_suite/scheduler/plugin.py:196: Skipped: state-marked test '[injected] test_bootstrap_controller' failed: environment state is unknown.</skipped><system-out>--------------------------------- Captured Log ---------------------------------

</system-out><system-out>--------------------------------- Captured Log ---------------------------------

</system-out></testcase><testcase classname="charm_integration_testing.test_suite.test_remove_and_restore_integration" name="test_remove_and_restore_integration" file="charm_integration_testing/test_suite/test_remove_and_restore_integration.py" line="12" time="0.000"><skipped type="pytest.skip" message="Skipped: state-marked test '[injected] test_bootstrap_controller' failed: environment state is unknown.">/project-3/charm_integration_testing/test_suite/scheduler/plugin.py:196: Skipped: state-marked test '[injected] test_bootstrap_controller' failed: environment state is unknown.</skipped><system-out>--------------------------------- Captured Log ---------------------------------

</system-out><system-out>--------------------------------- Captured Log ---------------------------------

</system-out></testcase><testcase classname="charm_integration_testing.test_suite.test_scale_in_and_scale_out" name="test_scale_in_and_scale_out_charm" file="charm_integration_testing/test_suite/test_scale_in_and_scale_out.py" line="12" time="0.000"><skipped type="pytest.skip" message="Skipped: state-marked test '[injected] test_bootstrap_controller' failed: environment state is unknown.">/project-3/charm_integration_testing/test_suite/scheduler/plugin.py:196: Skipped: state-marked test '[injected] test_bootstrap_controller' failed: environment state is unknown.</skipped><system-out>--------------------------------- Captured Log ---------------------------------

</system-out><system-out>--------------------------------- Captured Log ---------------------------------

</system-out></testcase><testcase classname="charm_integration_testing.test_suite.test_downgrade_charm" name="test_downgrade_charm" file="charm_integration_testing/test_suite/test_downgrade_charm.py" line="11" time="0.000"><skipped type="pytest.skip" message="Skipped: state-marked test '[injected] test_bootstrap_controller' failed: environment state is unknown.">/project-3/charm_integration_testing/test_suite/scheduler/plugin.py:196: Skipped: state-marked test '[injected] test_bootstrap_controller' failed: environment state is unknown.</skipped><system-out>--------------------------------- Captured Log ---------------------------------

</system-out><system-out>--------------------------------- Captured Log ---------------------------------

</system-out></testcase><testcase classname="" name="[injected] test_upgrade_charm" file="charm_integration_testing/test_suite/test_upgrade_charm.py" line="11" time="0.000"><skipped type="pytest.skip" message="Skipped: state-marked test '[injected] test_bootstrap_controller' failed: environment state is unknown.">/project-3/charm_integration_testing/test_suite/scheduler/plugin.py:196: Skipped: state-marked test '[injected] test_bootstrap_controller' failed: environment state is unknown.</skipped><system-out>--------------------------------- Captured Log ---------------------------------

</system-out><system-out>--------------------------------- Captured Log ---------------------------------

</system-out></testcase><testcase classname="" name="[injected] test_teardown" file="charm_integration_testing/test_suite/test_teardown.py" line="12" time="0.000"><skipped type="pytest.skip" message="Skipped: state-marked test '[injected] test_bootstrap_controller' failed: environment state is unknown.">/project-3/charm_integration_testing/test_suite/scheduler/plugin.py:196: Skipped: state-marked test '[injected] test_bootstrap_controller' failed: environment state is unknown.</skipped><system-out>--------------------------------- Captured Log ---------------------------------

</system-out><system-out>--------------------------------- Captured Log ---------------------------------

</system-out></testcase><testcase classname="charm_integration_testing.test_suite.test_deploy_target_old_revision" name="test_deploy_target_old_revision" file="charm_integration_testing/test_suite/test_deploy_target_old_revision.py" line="39" time="0.000"><skipped type="pytest.skip" message="Skipped: state-marked test '[injected] test_bootstrap_controller' failed: environment state is unknown.">/project-3/charm_integration_testing/test_suite/scheduler/plugin.py:196: Skipped: state-marked test '[injected] test_bootstrap_controller' failed: environment state is unknown.</skipped><system-out>--------------------------------- Captured Log ---------------------------------

</system-out><system-out>--------------------------------- Captured Log ---------------------------------

</system-out></testcase><testcase classname="" name="[injected] test_upgrade_charm" file="charm_integration_testing/test_suite/test_upgrade_charm.py" line="11" time="0.000"><skipped type="pytest.skip" message="Skipped: state-marked test '[injected] test_bootstrap_controller' failed: environment state is unknown.">/project-3/charm_integration_testing/test_suite/scheduler/plugin.py:196: Skipped: state-marked test '[injected] test_bootstrap_controller' failed: environment state is unknown.</skipped><system-out>--------------------------------- Captured Log ---------------------------------

</system-out><system-out>--------------------------------- Captured Log ---------------------------------

</system-out></testcase><testcase classname="" name="[injected] test_teardown" file="charm_integration_testing/test_suite/test_teardown.py" line="12" time="0.000"><skipped type="pytest.skip" message="Skipped: state-marked test '[injected] test_bootstrap_controller' failed: environment state is unknown.">/project-3/charm_integration_testing/test_suite/scheduler/plugin.py:196: Skipped: state-marked test '[injected] test_bootstrap_controller' failed: environment state is unknown.</skipped><system-out>--------------------------------- Captured Log ---------------------------------

</system-out><system-out>--------------------------------- Captured Log ---------------------------------

</system-out></testcase><testcase classname="charm_integration_testing.test_suite.test_idempotent_redeploy" name="test_idempotent_redeploy" file="charm_integration_testing/test_suite/test_idempotent_redeploy.py" line="13" time="0.000"><skipped type="pytest.skip" message="Skipped: state-marked test '[injected] test_bootstrap_controller' failed: environment state is unknown.">/project-3/charm_integration_testing/test_suite/scheduler/plugin.py:196: Skipped: state-marked test '[injected] test_bootstrap_controller' failed: environment state is unknown.</skipped><system-out>--------------------------------- Captured Log ---------------------------------

</system-out><system-out>--------------------------------- Captured Log ---------------------------------

</system-out></testcase><testcase classname="charm_integration_testing.test_suite.test_upgrade_controller" name="test_upgrade_controller" file="charm_integration_testing/test_suite/test_upgrade_controller.py" line="12" time="0.000"><skipped type="pytest.skip" message="Skipped: state-marked test '[injected] test_bootstrap_controller' failed: environment state is unknown.">/project-3/charm_integration_testing/test_suite/scheduler/plugin.py:196: Skipped: state-marked test '[injected] test_bootstrap_controller' failed: environment state is unknown.</skipped><system-out>--------------------------------- Captured Log ---------------------------------

</system-out><system-out>--------------------------------- Captured Log ---------------------------------

</system-out></testcase><testcase classname="charm_integration_testing.test_suite.test_logs_privacy_check" name="test_logs_privacy_check" file="charm_integration_testing/test_suite/test_logs_privacy_check.py" line="15" time="0.100"><properties><property name="pipeline:ref" value="[&quot;7c1fbb2&quot;]" /><property name="pipeline:workflow_hash" value="[&quot;8f4ae9c1ce8cfbe7837a599c4dc76de61354a0c3&quot;]" /><property name="skipped:message" value="[&quot;log-dir is empty, no logs to scan&quot;]" /><property name="warning:message" value="[&quot;UserWarning: Failed to get git tag: fatal: No names found, cannot describe anything.&quot;]" /></properties><skipped type="pytest.skip" message="log-dir is empty, no logs to scan">/project-3/charm_integration_testing/test_suite/test_logs_privacy_check.py:34: log-dir is empty, no logs to scan</skipped><system-out>--------------------------------- Captured Log ---------------------------------
INFO Starting test_logs_privacy_check
</system-out><system-out>--------------------------------- Captured Log ---------------------------------
INFO Starting test_logs_privacy_check
INFO Skipped test_logs_privacy_check: log-dir is empty, no logs to scan
</system-out></testcase></testsuite></testsuites>