<?xml version="1.0" encoding="utf-8"?><testsuites><testsuite name="pytest" errors="0" failures="1" skipped="5" tests="6" time="2.355" timestamp="2026-07-06T15:16:20.747590-04:00" hostname="charm-qa-sandbox"><testcase classname="" name="[injected] test_build_bundle" file="charm_integration_testing/test_suite/test_build_bundle.py" line="22" time="1.684"><properties><property name="pipeline:ref" value="[&quot;7c1fbb2&quot;]" /><property name="pipeline:workflow_hash" value="[&quot;8f4ae9c1ce8cfbe7837a599c4dc76de61354a0c3&quot;]" /><property name="failure:message" value="[&quot;bundle_builder_x.charmhub_http.CharmReleaseNotFoundException: Failed to find release for charm mysql-k8s in channel latest/stable with ubuntu versi...&quot;]" /><property name="warning:message" value="[&quot;UserWarning: Failed to get git tag: fatal: No names found, cannot describe anything.&quot;]" /></properties><failure message="bundle_builder_x.charmhub_http.CharmReleaseNotFoundException: Failed to find release for charm mysql-k8s in channel latest/stable with ubuntu version 22.04: No revision was found in the Store.">charm_integration_testing/test_suite/test_build_bundle.py:122: in test_build_bundle
    solution = bundle_builder.build(spec)
bundle_builder_x/bundle_builder_x/bundle_builder.py:131: in build
    z3_model = self._solve(domain)
bundle_builder_x/bundle_builder_x/bundle_builder.py:177: in _solve
    self._handle_unsat_core(unsat_core, domain)
bundle_builder_x/bundle_builder_x/bundle_builder.py:192: in _handle_unsat_core
    if self._handle_failed_assertion(tag, domain):
bundle_builder_x/bundle_builder_x/bundle_builder.py:242: in _handle_failed_assertion
    charm = self._get_charm_for_application(app_exists.application, domain, model_ref)
bundle_builder_x/bundle_builder_x/bundle_builder.py:416: in _get_charm_for_application
    return self.charmhub_client.charm_from_store(
bundle_builder_x/bundle_builder_x/charmhub.py:139: in charm_from_store
    result = self._charm_from_store_by_channel(
bundle_builder_x/bundle_builder_x/charmhub.py:434: in _charm_from_store_by_channel
    raise CharmReleaseNotFoundException(
E   bundle_builder_x.charmhub_http.CharmReleaseNotFoundException: Failed to find release for charm mysql-k8s in channel latest/stable with ubuntu version 22.04: No revision was found in the Store.</failure><system-out>--------------------------------- Captured Log ---------------------------------
INFO Starting [injected] test_build_bundle
INFO Iteration 1
INFO Problem is unsatisfiable; expanding domain
ERROR Failure in [injected] test_build_bundle: bundle_builder_x.charmhub_http.CharmReleaseNotFoundException: Failed to find release for charm mysql-k8s in channel latest/stable with ubuntu version 22.04: No revision was found in the Store.
</system-out></testcase><testcase classname="" name="[injected] test_bootstrap_controller" file="charm_integration_testing/test_suite/test_bootstrap_controller.py" line="11" time="0.001"><skipped type="pytest.skip" message="Skipped: state-marked test '[injected] test_build_bundle' failed: environment state is unknown.">/project-3/charm_integration_testing/test_suite/scheduler/plugin.py:196: Skipped: state-marked test '[injected] test_build_bundle' failed: environment state is unknown.</skipped><system-out>--------------------------------- Captured Log ---------------------------------

</system-out><system-out>--------------------------------- Captured Log ---------------------------------

</system-out></testcase><testcase classname="" name="[injected] test_create_model" file="charm_integration_testing/test_suite/test_create_model.py" line="9" time="0.001"><skipped type="pytest.skip" message="Skipped: state-marked test '[injected] test_build_bundle' failed: environment state is unknown.">/project-3/charm_integration_testing/test_suite/scheduler/plugin.py:196: Skipped: state-marked test '[injected] test_build_bundle' failed: environment state is unknown.</skipped><system-out>--------------------------------- Captured Log ---------------------------------

</system-out><system-out>--------------------------------- Captured Log ---------------------------------

</system-out></testcase><testcase classname="charm_integration_testing.test_suite.test_deploy" name="test_deploy" file="charm_integration_testing/test_suite/test_deploy.py" line="37" time="0.001"><skipped type="pytest.skip" message="Skipped: state-marked test '[injected] test_build_bundle' failed: environment state is unknown.">/project-3/charm_integration_testing/test_suite/scheduler/plugin.py:196: Skipped: state-marked test '[injected] test_build_bundle' failed: environment state is unknown.</skipped><system-out>--------------------------------- Captured Log ---------------------------------

</system-out><system-out>--------------------------------- Captured Log ---------------------------------

</system-out></testcase><testcase classname="" name="[injected] test_teardown" file="charm_integration_testing/test_suite/test_teardown.py" line="12" time="0.001"><skipped type="pytest.skip" message="Skipped: state-marked test '[injected] test_build_bundle' failed: environment state is unknown.">/project-3/charm_integration_testing/test_suite/scheduler/plugin.py:196: Skipped: state-marked test '[injected] test_build_bundle' failed: environment state is unknown.</skipped><system-out>--------------------------------- Captured Log ---------------------------------

</system-out><system-out>--------------------------------- Captured Log ---------------------------------

</system-out></testcase><testcase classname="charm_integration_testing.test_suite.test_deploy_target_old_revision" name="test_deploy_target_old_revision" file="charm_integration_testing/test_suite/test_deploy_target_old_revision.py" line="39" time="0.001"><skipped type="pytest.skip" message="Skipped: state-marked test '[injected] test_build_bundle' failed: environment state is unknown.">/project-3/charm_integration_testing/test_suite/scheduler/plugin.py:196: Skipped: state-marked test '[injected] test_build_bundle' failed: environment state is unknown.</skipped><system-out>--------------------------------- Captured Log ---------------------------------

</system-out><system-out>--------------------------------- Captured Log ---------------------------------

</system-out></testcase></testsuite></testsuites>